{
  "RSpec": {
    "coverage": {
      "/Users/lishuyu/Codes/cs-uy-4513-f25-team5/app/channels/application_cable/channel.rb": {
        "lines": [
          1,
          1,
          null,
          null
        ]
      },
      "/Users/lishuyu/Codes/cs-uy-4513-f25-team5/app/channels/application_cable/connection.rb": {
        "lines": [
          1,
          1,
          null,
          null
        ]
      },
      "/Users/lishuyu/Codes/cs-uy-4513-f25-team5/app/controllers/application_controller.rb": {
        "lines": [
          1,
          1,
          null,
          1,
          null,
          1,
          120,
          null,
          39,
          null,
          null,
          1,
          147,
          null,
          null,
          1,
          67,
          null,
          7,
          null,
          null
        ]
      },
      "/Users/lishuyu/Codes/cs-uy-4513-f25-team5/app/controllers/conversations_controller.rb": {
        "lines": [
          1,
          1,
          1,
          1,
          null,
          1,
          0,
          0,
          0,
          0,
          null,
          null,
          null,
          null,
          null,
          null,
          1,
          0,
          null,
          null,
          null,
          null,
          null,
          null,
          null,
          null,
          1,
          0,
          null,
          null,
          0,
          null,
          null,
          null,
          1,
          0,
          null,
          0,
          null,
          null,
          null,
          null,
          0,
          0,
          null,
          null,
          null,
          null,
          null,
          null,
          1,
          0,
          null,
          0,
          0,
          0,
          null,
          null,
          0,
          0,
          0,
          null,
          null,
          0,
          0,
          0,
          null,
          null,
          0,
          null,
          0,
          0,
          null,
          0,
          null,
          null,
          null,
          1,
          null,
          1,
          0,
          null,
          null,
          null,
          null,
          1,
          0,
          null,
          null,
          1,
          0,
          null,
          null,
          null,
          1,
          0,
          null,
          0,
          null,
          null,
          null,
          null,
          null,
          1,
          null,
          0,
          null,
          null,
          null,
          null,
          null,
          null,
          null,
          null,
          1,
          0,
          0,
          null,
          null,
          null
        ]
      },
      "/Users/lishuyu/Codes/cs-uy-4513-f25-team5/app/controllers/dashboards_controller.rb": {
        "lines": [
          1,
          1,
          null,
          1,
          null,
          null,
          null
        ]
      },
      "/Users/lishuyu/Codes/cs-uy-4513-f25-team5/app/controllers/listings_controller.rb": {
        "lines": [
          1,
          1,
          1,
          1,
          null,
          1,
          3,
          null,
          null,
          3,
          0,
          0,
          0,
          3,
          0,
          0,
          null,
          3,
          3,
          null,
          null,
          null,
          1,
          4,
          null,
          null,
          1,
          1,
          null,
          null,
          1,
          13,
          13,
          13,
          13,
          null,
          13,
          6,
          null,
          7,
          null,
          null,
          null,
          1,
          null,
          null,
          1,
          10,
          4,
          null,
          6,
          null,
          null,
          null,
          1,
          3,
          3,
          null,
          null,
          1,
          0,
          null,
          null,
          0,
          0,
          null,
          null,
          0,
          null,
          0,
          null,
          0,
          null,
          null,
          1,
          0,
          0,
          null,
          0,
          null,
          0,
          null,
          0,
          null,
          null,
          1,
          0,
          0,
          null,
          0,
          0,
          0,
          null,
          null,
          null,
          1,
          null,
          1,
          19,
          null,
          null,
          1,
          23,
          null,
          null,
          null,
          1,
          15,
          0,
          null,
          null,
          null
        ]
      },
      "/Users/lishuyu/Codes/cs-uy-4513-f25-team5/app/controllers/matches_controller.rb": {
        "lines": [
          1,
          1,
          null,
          1,
          7,
          null,
          7,
          4,
          4,
          null,
          null,
          null,
          1,
          3,
          null,
          3,
          2,
          null,
          1,
          null,
          null,
          null,
          1,
          4,
          null,
          4,
          0,
          0,
          null,
          null,
          4,
          null,
          null,
          1,
          2,
          null,
          2,
          0,
          0,
          null,
          null,
          null,
          null,
          2,
          null,
          null,
          null,
          null
        ]
      },
      "/Users/lishuyu/Codes/cs-uy-4513-f25-team5/app/controllers/messages_controller.rb": {
        "lines": [
          1,
          1,
          1,
          null,
          null,
          1,
          0,
          0,
          0,
          null,
          null,
          0,
          0,
          null,
          0,
          0,
          null,
          0,
          0,
          0,
          null,
          null,
          null,
          1,
          null,
          1,
          0,
          null,
          null,
          1,
          0,
          null,
          null,
          null,
          1,
          0,
          null,
          null,
          1,
          0,
          0,
          null,
          null,
          null,
          null
        ]
      },
      "/Users/lishuyu/Codes/cs-uy-4513-f25-team5/app/controllers/pages_controller.rb": {
        "lines": [
          1,
          null,
          1,
          1,
          null,
          null,
          0,
          0,
          0,
          null,
          0,
          0,
          0,
          0,
          0,
          0,
          0,
          null,
          0,
          null,
          null,
          0,
          null,
          null,
          null,
          null,
          0,
          null,
          null,
          0,
          null,
          null,
          0,
          null,
          null,
          null,
          null,
          null,
          null,
          1,
          null,
          1,
          0,
          0,
          0,
          null,
          0,
          0,
          null,
          null
        ]
      },
      "/Users/lishuyu/Codes/cs-uy-4513-f25-team5/app/controllers/profiles_controller.rb": {
        "lines": [
          1,
          null,
          1,
          1,
          1,
          null,
          1,
          null,
          1,
          null,
          1,
          6,
          null,
          5,
          null,
          5,
          4,
          4,
          null,
          1,
          1,
          null,
          null,
          null,
          1,
          null,
          1,
          8,
          null,
          null,
          1,
          5,
          null,
          null,
          null,
          null,
          null,
          null,
          null,
          null,
          null,
          null,
          null,
          1,
          5,
          5,
          null,
          2,
          null,
          null,
          1,
          2,
          2,
          2,
          2,
          null,
          null,
          1,
          6,
          null,
          null,
          1,
          1,
          1,
          null,
          null
        ]
      },
      "/Users/lishuyu/Codes/cs-uy-4513-f25-team5/app/controllers/reports_controller.rb": {
        "lines": [
          1,
          1,
          null,
          1,
          0,
          null,
          null,
          1,
          4,
          null,
          4,
          2,
          null,
          2,
          null,
          null,
          null,
          1,
          null,
          1,
          4,
          null,
          null
        ]
      },
      "/Users/lishuyu/Codes/cs-uy-4513-f25-team5/app/controllers/sessions_controller.rb": {
        "lines": [
          1,
          null,
          1,
          null,
          null,
          1,
          33,
          null,
          33,
          32,
          32,
          64,
          32,
          null,
          null,
          1,
          1,
          2,
          1,
          null,
          null,
          null,
          null,
          1,
          5,
          5,
          10,
          5,
          null,
          null,
          null,
          null
        ]
      },
      "/Users/lishuyu/Codes/cs-uy-4513-f25-team5/app/controllers/users_controller.rb": {
        "lines": [
          1,
          null,
          1,
          1,
          null,
          null,
          1,
          5,
          null,
          5,
          3,
          3,
          5,
          4,
          null,
          null,
          2,
          3,
          3,
          null,
          null,
          null,
          null,
          1,
          null,
          1,
          5,
          5,
          null,
          null,
          null
        ]
      },
      "/Users/lishuyu/Codes/cs-uy-4513-f25-team5/app/controllers/verification_requests_controller.rb": {
        "lines": [
          1,
          1,
          1,
          null,
          1,
          2,
          null,
          null,
          1,
          1,
          1,
          null,
          null,
          1,
          null,
          1,
          1,
          null,
          null
        ]
      },
      "/Users/lishuyu/Codes/cs-uy-4513-f25-team5/app/controllers/admin/reports_controller.rb": {
        "lines": [
          1,
          1,
          null,
          1,
          0,
          null,
          null,
          1,
          0,
          0,
          null,
          null,
          null
        ]
      },
      "/Users/lishuyu/Codes/cs-uy-4513-f25-team5/app/jobs/application_job.rb": {
        "lines": [
          1,
          null,
          null,
          null,
          null,
          null,
          null
        ]
      },
      "/Users/lishuyu/Codes/cs-uy-4513-f25-team5/app/mailers/application_mailer.rb": {
        "lines": [
          1,
          1,
          1,
          null
        ]
      },
      "/Users/lishuyu/Codes/cs-uy-4513-f25-team5/app/models/active_match.rb": {
        "lines": [
          1,
          1,
          1,
          null,
          1,
          null,
          null
        ]
      },
      "/Users/lishuyu/Codes/cs-uy-4513-f25-team5/app/models/application_record.rb": {
        "lines": [
          1,
          1,
          null
        ]
      },
      "/Users/lishuyu/Codes/cs-uy-4513-f25-team5/app/models/avatar.rb": {
        "lines": [
          1,
          1,
          null,
          1,
          null,
          1,
          0,
          null,
          null
        ]
      },
      "/Users/lishuyu/Codes/cs-uy-4513-f25-team5/app/models/conversation.rb": {
        "lines": [
          1,
          1,
          1,
          1,
          null,
          1,
          1,
          1,
          null,
          1,
          0,
          null,
          null,
          1,
          0,
          null,
          null,
          1,
          7,
          null,
          null,
          1,
          null,
          1,
          11,
          0,
          null,
          null,
          null,
          1,
          11,
          null,
          9,
          null,
          null,
          null,
          null,
          9,
          1,
          null,
          null,
          null
        ]
      },
      "/Users/lishuyu/Codes/cs-uy-4513-f25-team5/app/models/listing.rb": {
        "lines": [
          1,
          1,
          1,
          null,
          null,
          1,
          1,
          1,
          null,
          null,
          1,
          1,
          1,
          null,
          1,
          1,
          1,
          1,
          null,
          3,
          null,
          1,
          1,
          null,
          null,
          1,
          5,
          null,
          5,
          5,
          null,
          5,
          5,
          5,
          2,
          3,
          0,
          3,
          0,
          null,
          null,
          5,
          5,
          2,
          2,
          null,
          null,
          5,
          null,
          null,
          null,
          1,
          3,
          null,
          0,
          0,
          null,
          0,
          null,
          null,
          null,
          null,
          1,
          0,
          null,
          0,
          0,
          null,
          0,
          null,
          null,
          null,
          1,
          0,
          null,
          null,
          null,
          1,
          0,
          0,
          null,
          null,
          null,
          1,
          24,
          null,
          null,
          1,
          null,
          1,
          0,
          null,
          null,
          1,
          74,
          null,
          0,
          0,
          null,
          null,
          0,
          0,
          0,
          null,
          null,
          0,
          0,
          null,
          null,
          null,
          null
        ]
      },
      "/Users/lishuyu/Codes/cs-uy-4513-f25-team5/app/models/match.rb": {
        "lines": [
          1,
          1,
          1,
          null,
          1,
          1,
          1,
          1,
          null,
          10,
          null,
          33,
          null,
          1,
          11,
          null,
          null,
          11,
          11,
          11,
          11,
          11,
          11,
          null,
          null,
          null,
          null,
          11,
          11,
          10,
          null,
          null,
          null,
          null,
          11,
          10,
          9,
          null,
          null,
          null,
          null,
          11,
          6,
          6,
          null,
          null,
          null,
          null,
          11,
          null,
          null,
          1,
          null,
          1,
          2,
          null,
          1,
          null,
          null,
          1,
          32,
          1,
          null,
          null,
          null,
          null
        ]
      },
      "/Users/lishuyu/Codes/cs-uy-4513-f25-team5/app/models/message.rb": {
        "lines": [
          1,
          1,
          1,
          null,
          1,
          1,
          null,
          1,
          null,
          1,
          9,
          1,
          null,
          null,
          null,
          1,
          1,
          null,
          1,
          null,
          1,
          1,
          null,
          1,
          null,
          1,
          9,
          null,
          7,
          0,
          null,
          null,
          null
        ]
      },
      "/Users/lishuyu/Codes/cs-uy-4513-f25-team5/app/models/report.rb": {
        "lines": [
          1,
          1,
          null,
          1,
          1,
          null,
          1,
          null,
          1,
          1,
          1,
          null,
          1,
          1,
          1,
          null,
          1,
          null,
          1,
          12,
          null,
          11,
          11,
          null,
          null,
          1,
          12,
          1,
          null,
          null,
          null,
          1,
          12,
          0,
          null,
          null,
          null
        ]
      },
      "/Users/lishuyu/Codes/cs-uy-4513-f25-team5/app/models/user.rb": {
        "lines": [
          1,
          1,
          null,
          1,
          1,
          1,
          1,
          1,
          1,
          1,
          null,
          1,
          null,
          1,
          1,
          1,
          null,
          1,
          1,
          197,
          1,
          1,
          null,
          null,
          null,
          1,
          null,
          1,
          2,
          null,
          null,
          1,
          1,
          null,
          null,
          1,
          1,
          null,
          null,
          1,
          3,
          null,
          null,
          1,
          2,
          null,
          1,
          null,
          null,
          1,
          null,
          1,
          196,
          null,
          null,
          1,
          196,
          null,
          null,
          1,
          188,
          null,
          99,
          93,
          null,
          6,
          null,
          null,
          null,
          1,
          0,
          null,
          null,
          1,
          190,
          null,
          190,
          6,
          null,
          null,
          null
        ]
      },
      "/Users/lishuyu/Codes/cs-uy-4513-f25-team5/app/services/matching_service.rb": {
        "lines": [
          null,
          null,
          null,
          null,
          null,
          null,
          1,
          1,
          null,
          null,
          null,
          1,
          16,
          null,
          16,
          null,
          null,
          16,
          null,
          16,
          null,
          8,
          null,
          null,
          8,
          null,
          null,
          8,
          null,
          8,
          null,
          null,
          null,
          null,
          8,
          null,
          null,
          0,
          null,
          null,
          null,
          null,
          16,
          null,
          null,
          null,
          null,
          1,
          2,
          null,
          2,
          4,
          4,
          null,
          null,
          2,
          null,
          null,
          null,
          null,
          1,
          1,
          null,
          null,
          1,
          null,
          null,
          1,
          null,
          null,
          null
        ]
      }
    },
    "timestamp": 1765428542
  },
  "Cucumber": {
    "coverage": {
      "/Users/lishuyu/Codes/cs-uy-4513-f25-team5/app/channels/application_cable/channel.rb": {
        "lines": [
          1,
          1,
          null,
          null
        ]
      },
      "/Users/lishuyu/Codes/cs-uy-4513-f25-team5/app/channels/application_cable/connection.rb": {
        "lines": [
          1,
          1,
          null,
          null
        ]
      },
      "/Users/lishuyu/Codes/cs-uy-4513-f25-team5/app/controllers/application_controller.rb": {
        "lines": [
          1,
          1,
          null,
          1,
          null,
          1,
          498,
          null,
          124,
          null,
          null,
          1,
          245,
          null,
          null,
          1,
          54,
          null,
          3,
          null,
          null
        ]
      },
      "/Users/lishuyu/Codes/cs-uy-4513-f25-team5/app/controllers/conversations_controller.rb": {
        "lines": [
          1,
          1,
          1,
          1,
          null,
          1,
          9,
          1,
          2,
          1,
          null,
          null,
          null,
          null,
          null,
          null,
          1,
          7,
          null,
          null,
          null,
          null,
          null,
          null,
          null,
          null,
          1,
          7,
          null,
          null,
          7,
          null,
          null,
          null,
          1,
          1,
          null,
          1,
          null,
          null,
          null,
          null,
          1,
          1,
          null,
          null,
          null,
          null,
          null,
          null,
          1,
          4,
          null,
          4,
          1,
          1,
          null,
          null,
          3,
          1,
          1,
          null,
          null,
          2,
          1,
          1,
          null,
          null,
          1,
          null,
          1,
          1,
          null,
          0,
          null,
          null,
          null,
          1,
          null,
          1,
          2,
          null,
          null,
          null,
          null,
          1,
          9,
          null,
          null,
          1,
          9,
          null,
          null,
          null,
          1,
          1,
          null,
          1,
          null,
          null,
          null,
          null,
          null,
          1,
          null,
          1,
          null,
          null,
          null,
          null,
          null,
          null,
          null,
          null,
          1,
          21,
          1,
          null,
          null,
          null
        ]
      },
      "/Users/lishuyu/Codes/cs-uy-4513-f25-team5/app/controllers/dashboards_controller.rb": {
        "lines": [
          1,
          1,
          null,
          1,
          null,
          null,
          null
        ]
      },
      "/Users/lishuyu/Codes/cs-uy-4513-f25-team5/app/controllers/listings_controller.rb": {
        "lines": [
          1,
          1,
          1,
          1,
          null,
          1,
          39,
          null,
          null,
          39,
          1,
          1,
          1,
          38,
          6,
          6,
          null,
          32,
          32,
          null,
          null,
          null,
          1,
          7,
          null,
          null,
          1,
          4,
          null,
          null,
          1,
          4,
          4,
          4,
          4,
          null,
          4,
          1,
          null,
          3,
          null,
          null,
          null,
          1,
          null,
          null,
          1,
          2,
          1,
          null,
          1,
          null,
          null,
          null,
          1,
          1,
          1,
          null,
          null,
          1,
          0,
          null,
          null,
          0,
          0,
          null,
          null,
          0,
          null,
          0,
          null,
          0,
          null,
          null,
          1,
          0,
          0,
          null,
          0,
          null,
          0,
          null,
          0,
          null,
          null,
          1,
          0,
          0,
          null,
          0,
          0,
          0,
          null,
          null,
          null,
          1,
          null,
          1,
          13,
          null,
          null,
          1,
          6,
          null,
          null,
          null,
          1,
          6,
          1,
          null,
          null,
          null
        ]
      },
      "/Users/lishuyu/Codes/cs-uy-4513-f25-team5/app/controllers/matches_controller.rb": {
        "lines": [
          1,
          1,
          null,
          1,
          8,
          null,
          8,
          3,
          3,
          null,
          null,
          null,
          1,
          1,
          null,
          1,
          1,
          null,
          0,
          null,
          null,
          null,
          1,
          1,
          null,
          1,
          0,
          0,
          null,
          null,
          1,
          null,
          null,
          1,
          1,
          null,
          1,
          0,
          0,
          null,
          null,
          null,
          null,
          1,
          null,
          null,
          null,
          null
        ]
      },
      "/Users/lishuyu/Codes/cs-uy-4513-f25-team5/app/controllers/messages_controller.rb": {
        "lines": [
          1,
          1,
          1,
          null,
          null,
          1,
          2,
          0,
          0,
          null,
          null,
          2,
          2,
          null,
          2,
          1,
          null,
          1,
          1,
          1,
          null,
          null,
          null,
          1,
          null,
          1,
          2,
          null,
          null,
          1,
          2,
          null,
          null,
          null,
          1,
          2,
          null,
          null,
          1,
          2,
          0,
          null,
          null,
          null,
          null
        ]
      },
      "/Users/lishuyu/Codes/cs-uy-4513-f25-team5/app/controllers/pages_controller.rb": {
        "lines": [
          1,
          null,
          1,
          1,
          null,
          null,
          1,
          63,
          63,
          null,
          38,
          38,
          38,
          38,
          38,
          38,
          38,
          null,
          38,
          null,
          null,
          38,
          null,
          null,
          null,
          null,
          38,
          null,
          null,
          76,
          null,
          null,
          1,
          null,
          null,
          null,
          null,
          null,
          null,
          1,
          null,
          1,
          63,
          63,
          62,
          null,
          38,
          38,
          null,
          null
        ]
      },
      "/Users/lishuyu/Codes/cs-uy-4513-f25-team5/app/controllers/profiles_controller.rb": {
        "lines": [
          1,
          null,
          1,
          1,
          1,
          null,
          1,
          null,
          1,
          null,
          1,
          5,
          null,
          4,
          null,
          4,
          2,
          2,
          null,
          2,
          2,
          null,
          null,
          null,
          1,
          null,
          1,
          14,
          null,
          null,
          1,
          4,
          null,
          null,
          null,
          null,
          null,
          null,
          null,
          null,
          null,
          null,
          null,
          1,
          4,
          4,
          null,
          1,
          null,
          null,
          1,
          1,
          1,
          1,
          1,
          null,
          null,
          1,
          5,
          null,
          null,
          1,
          1,
          1,
          null,
          null
        ]
      },
      "/Users/lishuyu/Codes/cs-uy-4513-f25-team5/app/controllers/reports_controller.rb": {
        "lines": [
          1,
          1,
          null,
          1,
          3,
          null,
          null,
          1,
          3,
          null,
          3,
          0,
          null,
          3,
          null,
          null,
          null,
          1,
          null,
          1,
          3,
          null,
          null
        ]
      },
      "/Users/lishuyu/Codes/cs-uy-4513-f25-team5/app/controllers/sessions_controller.rb": {
        "lines": [
          1,
          null,
          1,
          null,
          null,
          1,
          55,
          null,
          55,
          53,
          53,
          106,
          53,
          null,
          null,
          2,
          2,
          4,
          2,
          null,
          null,
          null,
          null,
          1,
          4,
          4,
          8,
          4,
          null,
          null,
          null,
          null
        ]
      },
      "/Users/lishuyu/Codes/cs-uy-4513-f25-team5/app/controllers/users_controller.rb": {
        "lines": [
          1,
          null,
          1,
          5,
          null,
          null,
          1,
          5,
          null,
          5,
          1,
          1,
          2,
          1,
          null,
          null,
          4,
          8,
          4,
          null,
          null,
          null,
          null,
          1,
          null,
          1,
          5,
          5,
          null,
          null,
          null
        ]
      },
      "/Users/lishuyu/Codes/cs-uy-4513-f25-team5/app/controllers/verification_requests_controller.rb": {
        "lines": [
          1,
          1,
          1,
          null,
          1,
          3,
          null,
          null,
          1,
          1,
          1,
          null,
          null,
          1,
          null,
          1,
          1,
          null,
          null
        ]
      },
      "/Users/lishuyu/Codes/cs-uy-4513-f25-team5/app/controllers/admin/reports_controller.rb": {
        "lines": [
          1,
          1,
          null,
          1,
          1,
          null,
          null,
          1,
          1,
          0,
          null,
          null,
          null
        ]
      },
      "/Users/lishuyu/Codes/cs-uy-4513-f25-team5/app/jobs/application_job.rb": {
        "lines": [
          1,
          null,
          null,
          null,
          null,
          null,
          null
        ]
      },
      "/Users/lishuyu/Codes/cs-uy-4513-f25-team5/app/mailers/application_mailer.rb": {
        "lines": [
          1,
          1,
          1,
          null
        ]
      },
      "/Users/lishuyu/Codes/cs-uy-4513-f25-team5/app/models/active_match.rb": {
        "lines": [
          1,
          1,
          1,
          null,
          1,
          null,
          null
        ]
      },
      "/Users/lishuyu/Codes/cs-uy-4513-f25-team5/app/models/application_record.rb": {
        "lines": [
          1,
          1,
          null
        ]
      },
      "/Users/lishuyu/Codes/cs-uy-4513-f25-team5/app/models/avatar.rb": {
        "lines": [
          1,
          1,
          null,
          1,
          null,
          1,
          2,
          null,
          null
        ]
      },
      "/Users/lishuyu/Codes/cs-uy-4513-f25-team5/app/models/conversation.rb": {
        "lines": [
          1,
          1,
          1,
          1,
          null,
          1,
          1,
          1,
          null,
          1,
          0,
          null,
          null,
          1,
          0,
          null,
          null,
          1,
          11,
          null,
          null,
          1,
          null,
          1,
          12,
          0,
          null,
          null,
          null,
          1,
          12,
          null,
          12,
          null,
          null,
          null,
          null,
          12,
          0,
          null,
          null,
          null
        ]
      },
      "/Users/lishuyu/Codes/cs-uy-4513-f25-team5/app/models/listing.rb": {
        "lines": [
          1,
          1,
          1,
          null,
          null,
          1,
          1,
          1,
          null,
          null,
          1,
          1,
          1,
          null,
          1,
          1,
          1,
          1,
          null,
          4,
          null,
          1,
          1,
          null,
          null,
          1,
          6,
          null,
          6,
          6,
          null,
          6,
          6,
          6,
          2,
          4,
          0,
          4,
          0,
          null,
          null,
          6,
          6,
          2,
          2,
          null,
          null,
          6,
          null,
          null,
          null,
          1,
          41,
          null,
          0,
          0,
          null,
          0,
          null,
          null,
          null,
          null,
          1,
          0,
          null,
          0,
          0,
          null,
          0,
          null,
          null,
          null,
          1,
          0,
          null,
          null,
          null,
          1,
          0,
          0,
          null,
          null,
          null,
          1,
          9,
          null,
          null,
          1,
          null,
          1,
          0,
          null,
          null,
          1,
          44,
          null,
          0,
          0,
          null,
          null,
          0,
          0,
          0,
          null,
          null,
          0,
          0,
          null,
          null,
          null,
          null
        ]
      },
      "/Users/lishuyu/Codes/cs-uy-4513-f25-team5/app/models/match.rb": {
        "lines": [
          1,
          1,
          1,
          null,
          1,
          1,
          1,
          1,
          null,
          9,
          null,
          120,
          null,
          1,
          104,
          null,
          null,
          104,
          101,
          101,
          101,
          101,
          101,
          null,
          null,
          null,
          null,
          104,
          98,
          37,
          null,
          null,
          null,
          null,
          104,
          99,
          45,
          null,
          null,
          null,
          null,
          104,
          99,
          38,
          null,
          null,
          null,
          null,
          104,
          null,
          null,
          1,
          null,
          1,
          0,
          null,
          0,
          null,
          null,
          1,
          119,
          0,
          null,
          null,
          null,
          null
        ]
      },
      "/Users/lishuyu/Codes/cs-uy-4513-f25-team5/app/models/message.rb": {
        "lines": [
          1,
          1,
          1,
          null,
          1,
          1,
          null,
          1,
          null,
          1,
          11,
          1,
          null,
          null,
          null,
          1,
          1,
          null,
          1,
          null,
          1,
          1,
          null,
          1,
          null,
          1,
          11,
          null,
          11,
          0,
          null,
          null,
          null
        ]
      },
      "/Users/lishuyu/Codes/cs-uy-4513-f25-team5/app/models/report.rb": {
        "lines": [
          1,
          1,
          null,
          1,
          1,
          null,
          1,
          null,
          1,
          1,
          1,
          null,
          1,
          1,
          1,
          null,
          1,
          null,
          1,
          7,
          null,
          7,
          7,
          null,
          null,
          1,
          7,
          3,
          null,
          null,
          null,
          1,
          7,
          0,
          null,
          null,
          null
        ]
      },
      "/Users/lishuyu/Codes/cs-uy-4513-f25-team5/app/models/user.rb": {
        "lines": [
          1,
          1,
          null,
          1,
          1,
          1,
          1,
          1,
          1,
          1,
          null,
          1,
          null,
          1,
          1,
          1,
          null,
          1,
          1,
          190,
          1,
          1,
          null,
          null,
          null,
          1,
          null,
          1,
          3,
          null,
          null,
          1,
          0,
          null,
          null,
          1,
          0,
          null,
          null,
          1,
          0,
          null,
          null,
          1,
          0,
          null,
          0,
          null,
          null,
          1,
          null,
          1,
          189,
          null,
          null,
          1,
          189,
          null,
          null,
          1,
          177,
          null,
          45,
          44,
          null,
          1,
          null,
          null,
          null,
          1,
          0,
          null,
          null,
          1,
          183,
          null,
          183,
          1,
          null,
          null,
          null
        ]
      },
      "/Users/lishuyu/Codes/cs-uy-4513-f25-team5/app/services/matching_service.rb": {
        "lines": [
          null,
          null,
          null,
          null,
          null,
          null,
          1,
          1,
          null,
          null,
          null,
          1,
          26,
          null,
          25,
          null,
          null,
          25,
          null,
          25,
          null,
          105,
          null,
          null,
          104,
          null,
          null,
          104,
          null,
          104,
          null,
          null,
          null,
          null,
          104,
          null,
          null,
          0,
          null,
          null,
          null,
          null,
          25,
          null,
          null,
          null,
          null,
          1,
          3,
          null,
          3,
          15,
          15,
          null,
          null,
          3,
          null,
          null,
          null,
          null,
          1,
          3,
          null,
          null,
          3,
          null,
          null,
          3,
          null,
          null,
          null
        ]
      }
    },
    "timestamp": 1765428544
  }
}
